<?xml version="1.0" encoding="UTF-8"?>
<testsuite name="Caja_MainKtTest" tests="1" skipped="0" failures="0" errors="0" timestamp="2023-01-28T16:59:56" hostname="sergio-Aspire-Mint" time="0.127">
  <properties/>
  <testcase name="actualizarProductoTest()" classname="Caja_MainKtTest" time="0.127"/>
  <system-out><![CDATA[]]></system-out>
  <system-err><![CDATA[]]></system-err>
</testsuite>
